<?xml version="1.0" encoding="UTF-8"?>
<!-- Generated by org.testng.reporters.JUnitXMLReporter -->
<testsuite hostname="DESKTOP-TJPGGGS" ignored="0" name="Car Loan" tests="3" failures="0" timestamp="2020-12-05T10:57:23 CET" time="0.049" errors="0">
  <testcase name="APILoginCarLoan" time="0.006" classname="Test.day3"/>
  <testcase name="MobileLoginCarLoan" time="0.002" classname="Test.day3"/>
  <testcase name="MobileaLoginCarLoan" time="0.002" classname="Test.day3"/>
</testsuite> <!-- Car Loan -->
