<?xml version="1.0" encoding="UTF-8"?>
<!-- Generated by org.testng.reporters.JUnitXMLReporter -->
<testsuite hostname="DESKTOP-TJPGGGS" ignored="1" name="Personal Loan" tests="9" failures="1" timestamp="2020-12-05T10:57:23 CET" time="0.081" errors="0">
  <testcase name="SecondDemo" time="0.007" classname="Test.day1"/>
  <testcase name="asia" time="0.002" classname="Test.day1"/>
  <testcase name="AsiaLubi" time="0.003" classname="Test.day2"/>
  <testcase name="AsiaLubiFrytki" time="0.002" classname="Test.day2"/>
  <testcase name="AsiaLubiFrytki" time="0.002" classname="Test.day2"/>
  <testcase name="AsiaLubiFrytki" time="0.004" classname="Test.day2"/>
  <testcase name="APILoginCarLoan" time="0.001" classname="Test.day4"/>
  <testcase name="MobileLoginHomeLoan" time="0.001" classname="Test.day4"/>
  <testcase name="Demo" time="0.005" classname="Test.day1">
    <failure type="java.lang.AssertionError" message="expected [true] but found [false]">
      <![CDATA[java.lang.AssertionError: expected [true] but found [false]
at Test.day1.Demo(day1.java:23)
at java.util.ArrayList.forEach(Unknown Source)
at java.util.concurrent.FutureTask.run(Unknown Source)
at java.util.concurrent.ThreadPoolExecutor.runWorker(Unknown Source)
at java.util.concurrent.ThreadPoolExecutor$Worker.run(Unknown Source)
at java.lang.Thread.run(Unknown Source)
... Removed 22 stack frames]]>
    </failure>
  </testcase> <!-- Demo -->
  <testcase name="WebLoginHomeCarLoan" time="0.0" classname="Test.day4">
    <ignored/>
  </testcase> <!-- WebLoginHomeCarLoan -->
</testsuite> <!-- Personal Loan -->
