<?xml version="1.0" encoding="UTF-8"?>
<!-- Generated by org.testng.reporters.JUnitXMLReporter -->
<testsuite hostname="DESKTOP-TJPGGGS" ignored="0" name="Default test" tests="4" failures="0" timestamp="2020-12-04T18:45:24 CET" time="0.093" errors="0">
  <testcase name="AsiaLubi" time="0.015" classname="Test.day2"/>
  <testcase name="AsiaLubiFrytki" time="0.002" classname="Test.day2"/>
  <testcase name="AsiaLubiFrytki" time="0.002" classname="Test.day2"/>
  <testcase name="AsiaLubiFrytki" time="0.001" classname="Test.day2"/>
</testsuite> <!-- Default test -->
