<?xml version="1.0" encoding="UTF-8"?>
<testng-results ignored="0" total="2" passed="2" failed="0" skipped="0">
  <reporter-output>
  </reporter-output>
  <suite started-at="2020-12-05T20:52:30 CET" name="Default suite" finished-at="2020-12-05T20:52:30 CET" duration-ms="56">
    <groups>
    </groups>
    <test started-at="2020-12-05T20:52:30 CET" name="Default test" finished-at="2020-12-05T20:52:30 CET" duration-ms="56">
      <class name="qaclickacademy.Mavenjava.AppiumTest">
        <test-method signature="deleteTwitter()[pri:0, instance:qaclickacademy.Mavenjava.AppiumTest@3daa422a]" started-at="2020-12-05T20:52:30 CET" name="deleteTwitter" finished-at="2020-12-05T20:52:30 CET" duration-ms="10" status="PASS">
          <reporter-output>
          </reporter-output>
        </test-method> <!-- deleteTwitter -->
        <test-method signature="nativeAppAndroid()[pri:0, instance:qaclickacademy.Mavenjava.AppiumTest@3daa422a]" started-at="2020-12-05T20:52:30 CET" name="nativeAppAndroid" finished-at="2020-12-05T20:52:30 CET" duration-ms="1" status="PASS">
          <reporter-output>
          </reporter-output>
        </test-method> <!-- nativeAppAndroid -->
      </class> <!-- qaclickacademy.Mavenjava.AppiumTest -->
    </test> <!-- Default test -->
  </suite> <!-- Default suite -->
</testng-results>
