<?xml version="1.0" encoding="UTF-8"?>
<!-- Generated by org.testng.reporters.JUnitXMLReporter -->
<testsuite hostname="DESKTOP-TJPGGGS" ignored="2" name="Regression" tests="8" failures="0" timestamp="2020-12-03T23:06:13 CET" time="0.061" errors="0">
  <testcase name="SecondDemo" time="0.006" classname="Test.day1"/>
  <testcase name="asia" time="0.002" classname="Test.day1"/>
  <testcase name="Demo" time="0.001" classname="Test.day1"/>
  <testcase name="AsiaLubi" time="0.001" classname="Test.day2"/>
  <testcase name="APILoginCarLoan" time="0.002" classname="Test.day4"/>
  <testcase name="MobileLoginHomeLoan" time="0.001" classname="Test.day4"/>
  <testcase name="MobileLoginCarLoan" time="0.002" classname="Test.day3"/>
  <testcase name="MobileaLoginCarLoan" time="0.002" classname="Test.day3"/>
  <testcase name="WebLoginHomeCarLoan" time="0.0" classname="Test.day4">
    <ignored/>
  </testcase> <!-- WebLoginHomeCarLoan -->
  <testcase name="APILoginCarLoan" time="0.0" classname="Test.day3">
    <ignored/>
  </testcase> <!-- APILoginCarLoan -->
</testsuite> <!-- Regression -->
